0 info it worked if it ends with ok
1 verbose cli [ '/usr/local/bin/node', '/usr/local/bin/npm', 'prune' ]
2 info using npm@3.10.3
3 info using node@v6.3.1
4 verbose unbuild node_modules/biskviit
5 verbose unbuild node_modules/bluebird
6 verbose unbuild node_modules/boolbase
7 verbose unbuild node_modules/camel-case
8 verbose unbuild node_modules/change-case
9 verbose unbuild node_modules/commander
10 verbose unbuild node_modules/constant-case
11 verbose unbuild node_modules/css-select
12 verbose unbuild node_modules/css-what
13 verbose unbuild node_modules/domelementtype
14 verbose unbuild node_modules/domhandler
15 verbose unbuild node_modules/domutils
16 verbose unbuild node_modules/dot-case
17 verbose unbuild node_modules/entities
18 verbose unbuild node_modules/fetch
19 verbose unbuild node_modules/fetch-polyfill
20 verbose unbuild node_modules/graceful-readlink
21 verbose unbuild node_modules/header-case
22 verbose unbuild node_modules/html-webpack-plugin
23 verbose unbuild node_modules/is-lower-case
24 verbose unbuild node_modules/is-upper-case
25 verbose unbuild node_modules/lower-case
26 verbose unbuild node_modules/lower-case-first
27 verbose unbuild node_modules/ncname
28 verbose unbuild node_modules/no-case
29 verbose unbuild node_modules/nth-check
30 verbose unbuild node_modules/param-case
31 verbose unbuild node_modules/pascal-case
32 verbose unbuild node_modules/path-case
33 verbose unbuild node_modules/pretty-error
34 verbose unbuild node_modules/psl
35 verbose unbuild node_modules/relateurl
36 verbose unbuild node_modules/sentence-case
37 verbose unbuild node_modules/snake-case
38 verbose unbuild node_modules/swap-case
39 verbose unbuild node_modules/title-case
40 verbose unbuild node_modules/toposort
41 verbose unbuild node_modules/upper-case
42 verbose unbuild node_modules/upper-case-first
43 verbose unbuild node_modules/utila
44 verbose unbuild node_modules/xml-char-classes
45 verbose unbuild node_modules/he
46 verbose unbuild node_modules/html-minifier
47 verbose unbuild node_modules/dom-converter
48 verbose unbuild node_modules/dom-serializer
49 verbose unbuild node_modules/htmlparser2
50 verbose unbuild node_modules/renderkid
51 verbose unbuild node_modules/clean-css
52 info lifecycle biskviit@1.0.1~preuninstall: biskviit@1.0.1
53 info lifecycle boolbase@1.0.0~preuninstall: boolbase@1.0.0
54 info lifecycle bluebird@3.4.6~preuninstall: bluebird@3.4.6
55 info lifecycle change-case@3.0.0~preuninstall: change-case@3.0.0
56 info lifecycle camel-case@3.0.0~preuninstall: camel-case@3.0.0
57 info lifecycle commander@2.9.0~preuninstall: commander@2.9.0
58 info lifecycle constant-case@2.0.0~preuninstall: constant-case@2.0.0
59 info lifecycle css-select@1.2.0~preuninstall: css-select@1.2.0
60 info lifecycle css-what@2.1.0~preuninstall: css-what@2.1.0
61 info lifecycle domelementtype@1.3.0~preuninstall: domelementtype@1.3.0
62 info lifecycle domhandler@2.1.0~preuninstall: domhandler@2.1.0
63 info lifecycle dot-case@2.1.0~preuninstall: dot-case@2.1.0
64 info lifecycle domutils@1.5.1~preuninstall: domutils@1.5.1
65 info lifecycle entities@1.1.1~preuninstall: entities@1.1.1
66 info lifecycle fetch@1.1.0~preuninstall: fetch@1.1.0
67 info lifecycle fetch-polyfill@0.8.2~preuninstall: fetch-polyfill@0.8.2
68 info lifecycle graceful-readlink@1.0.1~preuninstall: graceful-readlink@1.0.1
69 info lifecycle header-case@1.0.0~preuninstall: header-case@1.0.0
70 info lifecycle html-webpack-plugin@2.24.0~preuninstall: html-webpack-plugin@2.24.0
71 info lifecycle is-lower-case@1.1.3~preuninstall: is-lower-case@1.1.3
72 info lifecycle is-upper-case@1.1.2~preuninstall: is-upper-case@1.1.2
73 info lifecycle lower-case@1.1.3~preuninstall: lower-case@1.1.3
74 info lifecycle lower-case-first@1.0.2~preuninstall: lower-case-first@1.0.2
75 info lifecycle ncname@1.0.0~preuninstall: ncname@1.0.0
76 info lifecycle no-case@2.3.0~preuninstall: no-case@2.3.0
77 info lifecycle nth-check@1.0.1~preuninstall: nth-check@1.0.1
78 info lifecycle param-case@2.1.0~preuninstall: param-case@2.1.0
79 info lifecycle pascal-case@2.0.0~preuninstall: pascal-case@2.0.0
80 info lifecycle path-case@2.1.0~preuninstall: path-case@2.1.0
81 info lifecycle psl@1.1.14~preuninstall: psl@1.1.14
82 info lifecycle pretty-error@2.0.2~preuninstall: pretty-error@2.0.2
83 info lifecycle relateurl@0.2.7~preuninstall: relateurl@0.2.7
84 info lifecycle sentence-case@2.1.0~preuninstall: sentence-case@2.1.0
85 info lifecycle snake-case@2.1.0~preuninstall: snake-case@2.1.0
86 info lifecycle title-case@2.1.0~preuninstall: title-case@2.1.0
87 info lifecycle swap-case@1.1.2~preuninstall: swap-case@1.1.2
88 info lifecycle toposort@1.0.0~preuninstall: toposort@1.0.0
89 info lifecycle upper-case@1.1.3~preuninstall: upper-case@1.1.3
90 info lifecycle upper-case-first@1.1.2~preuninstall: upper-case-first@1.1.2
91 info lifecycle xml-char-classes@1.0.0~preuninstall: xml-char-classes@1.0.0
92 info lifecycle utila@0.4.0~preuninstall: utila@0.4.0
93 info lifecycle dom-converter@0.1.4~preuninstall: dom-converter@0.1.4
94 info lifecycle dom-serializer@0.1.0~preuninstall: dom-serializer@0.1.0
95 info lifecycle htmlparser2@3.3.0~preuninstall: htmlparser2@3.3.0
96 info lifecycle renderkid@2.0.0~preuninstall: renderkid@2.0.0
97 silly lifecycle biskviit@1.0.1~preuninstall: no script for preuninstall, continuing
98 silly lifecycle boolbase@1.0.0~preuninstall: no script for preuninstall, continuing
99 silly lifecycle bluebird@3.4.6~preuninstall: no script for preuninstall, continuing
100 silly lifecycle change-case@3.0.0~preuninstall: no script for preuninstall, continuing
101 silly lifecycle camel-case@3.0.0~preuninstall: no script for preuninstall, continuing
102 silly lifecycle commander@2.9.0~preuninstall: no script for preuninstall, continuing
103 silly lifecycle constant-case@2.0.0~preuninstall: no script for preuninstall, continuing
104 silly lifecycle css-select@1.2.0~preuninstall: no script for preuninstall, continuing
105 silly lifecycle css-what@2.1.0~preuninstall: no script for preuninstall, continuing
106 silly lifecycle domelementtype@1.3.0~preuninstall: no script for preuninstall, continuing
107 silly lifecycle domhandler@2.1.0~preuninstall: no script for preuninstall, continuing
108 silly lifecycle dot-case@2.1.0~preuninstall: no script for preuninstall, continuing
109 silly lifecycle domutils@1.5.1~preuninstall: no script for preuninstall, continuing
110 silly lifecycle entities@1.1.1~preuninstall: no script for preuninstall, continuing
111 silly lifecycle fetch@1.1.0~preuninstall: no script for preuninstall, continuing
112 silly lifecycle fetch-polyfill@0.8.2~preuninstall: no script for preuninstall, continuing
113 silly lifecycle graceful-readlink@1.0.1~preuninstall: no script for preuninstall, continuing
114 silly lifecycle header-case@1.0.0~preuninstall: no script for preuninstall, continuing
115 silly lifecycle html-webpack-plugin@2.24.0~preuninstall: no script for preuninstall, continuing
116 silly lifecycle is-lower-case@1.1.3~preuninstall: no script for preuninstall, continuing
117 silly lifecycle is-upper-case@1.1.2~preuninstall: no script for preuninstall, continuing
118 silly lifecycle lower-case@1.1.3~preuninstall: no script for preuninstall, continuing
119 silly lifecycle lower-case-first@1.0.2~preuninstall: no script for preuninstall, continuing
120 silly lifecycle ncname@1.0.0~preuninstall: no script for preuninstall, continuing
121 silly lifecycle no-case@2.3.0~preuninstall: no script for preuninstall, continuing
122 silly lifecycle nth-check@1.0.1~preuninstall: no script for preuninstall, continuing
123 silly lifecycle param-case@2.1.0~preuninstall: no script for preuninstall, continuing
124 silly lifecycle pascal-case@2.0.0~preuninstall: no script for preuninstall, continuing
125 silly lifecycle path-case@2.1.0~preuninstall: no script for preuninstall, continuing
126 silly lifecycle psl@1.1.14~preuninstall: no script for preuninstall, continuing
127 silly lifecycle pretty-error@2.0.2~preuninstall: no script for preuninstall, continuing
128 silly lifecycle relateurl@0.2.7~preuninstall: no script for preuninstall, continuing
129 silly lifecycle sentence-case@2.1.0~preuninstall: no script for preuninstall, continuing
130 silly lifecycle snake-case@2.1.0~preuninstall: no script for preuninstall, continuing
131 silly lifecycle title-case@2.1.0~preuninstall: no script for preuninstall, continuing
132 silly lifecycle swap-case@1.1.2~preuninstall: no script for preuninstall, continuing
133 silly lifecycle toposort@1.0.0~preuninstall: no script for preuninstall, continuing
134 silly lifecycle upper-case@1.1.3~preuninstall: no script for preuninstall, continuing
135 silly lifecycle upper-case-first@1.1.2~preuninstall: no script for preuninstall, continuing
136 silly lifecycle xml-char-classes@1.0.0~preuninstall: no script for preuninstall, continuing
137 silly lifecycle utila@0.4.0~preuninstall: no script for preuninstall, continuing
138 info lifecycle he@1.1.0~preuninstall: he@1.1.0
139 info lifecycle html-minifier@3.1.0~preuninstall: html-minifier@3.1.0
140 silly lifecycle dom-converter@0.1.4~preuninstall: no script for preuninstall, continuing
141 silly lifecycle dom-serializer@0.1.0~preuninstall: no script for preuninstall, continuing
142 silly lifecycle htmlparser2@3.3.0~preuninstall: no script for preuninstall, continuing
143 silly lifecycle renderkid@2.0.0~preuninstall: no script for preuninstall, continuing
144 info lifecycle clean-css@3.4.20~preuninstall: clean-css@3.4.20
145 info lifecycle biskviit@1.0.1~uninstall: biskviit@1.0.1
146 info lifecycle boolbase@1.0.0~uninstall: boolbase@1.0.0
147 info lifecycle bluebird@3.4.6~uninstall: bluebird@3.4.6
148 info lifecycle change-case@3.0.0~uninstall: change-case@3.0.0
149 info lifecycle camel-case@3.0.0~uninstall: camel-case@3.0.0
150 info lifecycle commander@2.9.0~uninstall: commander@2.9.0
151 info lifecycle constant-case@2.0.0~uninstall: constant-case@2.0.0
152 info lifecycle css-select@1.2.0~uninstall: css-select@1.2.0
153 info lifecycle css-what@2.1.0~uninstall: css-what@2.1.0
154 info lifecycle domelementtype@1.3.0~uninstall: domelementtype@1.3.0
155 info lifecycle domhandler@2.1.0~uninstall: domhandler@2.1.0
156 info lifecycle dot-case@2.1.0~uninstall: dot-case@2.1.0
157 info lifecycle domutils@1.5.1~uninstall: domutils@1.5.1
158 info lifecycle entities@1.1.1~uninstall: entities@1.1.1
159 info lifecycle fetch@1.1.0~uninstall: fetch@1.1.0
160 info lifecycle fetch-polyfill@0.8.2~uninstall: fetch-polyfill@0.8.2
161 info lifecycle graceful-readlink@1.0.1~uninstall: graceful-readlink@1.0.1
162 info lifecycle header-case@1.0.0~uninstall: header-case@1.0.0
163 info lifecycle html-webpack-plugin@2.24.0~uninstall: html-webpack-plugin@2.24.0
164 info lifecycle is-lower-case@1.1.3~uninstall: is-lower-case@1.1.3
165 info lifecycle is-upper-case@1.1.2~uninstall: is-upper-case@1.1.2
166 info lifecycle lower-case@1.1.3~uninstall: lower-case@1.1.3
167 info lifecycle lower-case-first@1.0.2~uninstall: lower-case-first@1.0.2
168 info lifecycle ncname@1.0.0~uninstall: ncname@1.0.0
169 info lifecycle no-case@2.3.0~uninstall: no-case@2.3.0
170 info lifecycle nth-check@1.0.1~uninstall: nth-check@1.0.1
171 info lifecycle param-case@2.1.0~uninstall: param-case@2.1.0
172 info lifecycle pascal-case@2.0.0~uninstall: pascal-case@2.0.0
173 info lifecycle path-case@2.1.0~uninstall: path-case@2.1.0
174 info lifecycle psl@1.1.14~uninstall: psl@1.1.14
175 info lifecycle pretty-error@2.0.2~uninstall: pretty-error@2.0.2
176 info lifecycle relateurl@0.2.7~uninstall: relateurl@0.2.7
177 info lifecycle sentence-case@2.1.0~uninstall: sentence-case@2.1.0
178 info lifecycle snake-case@2.1.0~uninstall: snake-case@2.1.0
179 info lifecycle title-case@2.1.0~uninstall: title-case@2.1.0
180 info lifecycle swap-case@1.1.2~uninstall: swap-case@1.1.2
181 info lifecycle toposort@1.0.0~uninstall: toposort@1.0.0
182 info lifecycle upper-case@1.1.3~uninstall: upper-case@1.1.3
183 info lifecycle upper-case-first@1.1.2~uninstall: upper-case-first@1.1.2
184 info lifecycle xml-char-classes@1.0.0~uninstall: xml-char-classes@1.0.0
185 info lifecycle utila@0.4.0~uninstall: utila@0.4.0
186 silly lifecycle he@1.1.0~preuninstall: no script for preuninstall, continuing
187 silly lifecycle html-minifier@3.1.0~preuninstall: no script for preuninstall, continuing
188 info lifecycle dom-converter@0.1.4~uninstall: dom-converter@0.1.4
189 info lifecycle dom-serializer@0.1.0~uninstall: dom-serializer@0.1.0
190 info lifecycle htmlparser2@3.3.0~uninstall: htmlparser2@3.3.0
191 info lifecycle renderkid@2.0.0~uninstall: renderkid@2.0.0
192 silly lifecycle clean-css@3.4.20~preuninstall: no script for preuninstall, continuing
193 silly lifecycle biskviit@1.0.1~uninstall: no script for uninstall, continuing
194 silly lifecycle boolbase@1.0.0~uninstall: no script for uninstall, continuing
195 silly lifecycle bluebird@3.4.6~uninstall: no script for uninstall, continuing
196 silly lifecycle change-case@3.0.0~uninstall: no script for uninstall, continuing
197 silly lifecycle camel-case@3.0.0~uninstall: no script for uninstall, continuing
198 silly lifecycle commander@2.9.0~uninstall: no script for uninstall, continuing
199 silly lifecycle constant-case@2.0.0~uninstall: no script for uninstall, continuing
200 silly lifecycle css-select@1.2.0~uninstall: no script for uninstall, continuing
201 silly lifecycle css-what@2.1.0~uninstall: no script for uninstall, continuing
202 silly lifecycle domelementtype@1.3.0~uninstall: no script for uninstall, continuing
203 silly lifecycle domhandler@2.1.0~uninstall: no script for uninstall, continuing
204 silly lifecycle dot-case@2.1.0~uninstall: no script for uninstall, continuing
205 silly lifecycle domutils@1.5.1~uninstall: no script for uninstall, continuing
206 silly lifecycle entities@1.1.1~uninstall: no script for uninstall, continuing
207 silly lifecycle fetch@1.1.0~uninstall: no script for uninstall, continuing
208 silly lifecycle fetch-polyfill@0.8.2~uninstall: no script for uninstall, continuing
209 silly lifecycle graceful-readlink@1.0.1~uninstall: no script for uninstall, continuing
210 silly lifecycle header-case@1.0.0~uninstall: no script for uninstall, continuing
211 silly lifecycle html-webpack-plugin@2.24.0~uninstall: no script for uninstall, continuing
212 silly lifecycle is-lower-case@1.1.3~uninstall: no script for uninstall, continuing
213 silly lifecycle is-upper-case@1.1.2~uninstall: no script for uninstall, continuing
214 silly lifecycle lower-case@1.1.3~uninstall: no script for uninstall, continuing
215 silly lifecycle lower-case-first@1.0.2~uninstall: no script for uninstall, continuing
216 silly lifecycle ncname@1.0.0~uninstall: no script for uninstall, continuing
217 silly lifecycle no-case@2.3.0~uninstall: no script for uninstall, continuing
218 silly lifecycle nth-check@1.0.1~uninstall: no script for uninstall, continuing
219 silly lifecycle param-case@2.1.0~uninstall: no script for uninstall, continuing
220 silly lifecycle pascal-case@2.0.0~uninstall: no script for uninstall, continuing
221 silly lifecycle path-case@2.1.0~uninstall: no script for uninstall, continuing
222 silly lifecycle psl@1.1.14~uninstall: no script for uninstall, continuing
223 silly lifecycle pretty-error@2.0.2~uninstall: no script for uninstall, continuing
224 silly lifecycle relateurl@0.2.7~uninstall: no script for uninstall, continuing
225 silly lifecycle sentence-case@2.1.0~uninstall: no script for uninstall, continuing
226 silly lifecycle snake-case@2.1.0~uninstall: no script for uninstall, continuing
227 silly lifecycle title-case@2.1.0~uninstall: no script for uninstall, continuing
228 silly lifecycle swap-case@1.1.2~uninstall: no script for uninstall, continuing
229 silly lifecycle toposort@1.0.0~uninstall: no script for uninstall, continuing
230 silly lifecycle upper-case@1.1.3~uninstall: no script for uninstall, continuing
231 silly lifecycle upper-case-first@1.1.2~uninstall: no script for uninstall, continuing
232 silly lifecycle xml-char-classes@1.0.0~uninstall: no script for uninstall, continuing
233 silly lifecycle utila@0.4.0~uninstall: no script for uninstall, continuing
234 info lifecycle he@1.1.0~uninstall: he@1.1.0
235 info lifecycle html-minifier@3.1.0~uninstall: html-minifier@3.1.0
236 silly lifecycle dom-converter@0.1.4~uninstall: no script for uninstall, continuing
237 silly lifecycle dom-serializer@0.1.0~uninstall: no script for uninstall, continuing
238 silly lifecycle htmlparser2@3.3.0~uninstall: no script for uninstall, continuing
239 silly lifecycle renderkid@2.0.0~uninstall: no script for uninstall, continuing
240 info lifecycle clean-css@3.4.20~uninstall: clean-css@3.4.20
241 verbose unbuild rmStuff biskviit@1.0.1 from /Users/thornebrandt/Dropbox/learn/mern/node_modules
242 info lifecycle biskviit@1.0.1~postuninstall: biskviit@1.0.1
243 verbose unbuild rmStuff boolbase@1.0.0 from /Users/thornebrandt/Dropbox/learn/mern/node_modules
244 info lifecycle boolbase@1.0.0~postuninstall: boolbase@1.0.0
245 verbose unbuild rmStuff bluebird@3.4.6 from /Users/thornebrandt/Dropbox/learn/mern/node_modules
246 info lifecycle bluebird@3.4.6~postuninstall: bluebird@3.4.6
247 verbose unbuild rmStuff change-case@3.0.0 from /Users/thornebrandt/Dropbox/learn/mern/node_modules
248 info lifecycle change-case@3.0.0~postuninstall: change-case@3.0.0
249 verbose unbuild rmStuff camel-case@3.0.0 from /Users/thornebrandt/Dropbox/learn/mern/node_modules
250 info lifecycle camel-case@3.0.0~postuninstall: camel-case@3.0.0
251 verbose unbuild rmStuff commander@2.9.0 from /Users/thornebrandt/Dropbox/learn/mern/node_modules
252 info lifecycle commander@2.9.0~postuninstall: commander@2.9.0
253 verbose unbuild rmStuff constant-case@2.0.0 from /Users/thornebrandt/Dropbox/learn/mern/node_modules
254 info lifecycle constant-case@2.0.0~postuninstall: constant-case@2.0.0
255 verbose unbuild rmStuff css-select@1.2.0 from /Users/thornebrandt/Dropbox/learn/mern/node_modules
256 info lifecycle css-select@1.2.0~postuninstall: css-select@1.2.0
257 verbose unbuild rmStuff css-what@2.1.0 from /Users/thornebrandt/Dropbox/learn/mern/node_modules
258 info lifecycle css-what@2.1.0~postuninstall: css-what@2.1.0
259 verbose unbuild rmStuff domelementtype@1.3.0 from /Users/thornebrandt/Dropbox/learn/mern/node_modules
260 info lifecycle domelementtype@1.3.0~postuninstall: domelementtype@1.3.0
261 verbose unbuild rmStuff domhandler@2.1.0 from /Users/thornebrandt/Dropbox/learn/mern/node_modules
262 info lifecycle domhandler@2.1.0~postuninstall: domhandler@2.1.0
263 verbose unbuild rmStuff dot-case@2.1.0 from /Users/thornebrandt/Dropbox/learn/mern/node_modules
264 info lifecycle dot-case@2.1.0~postuninstall: dot-case@2.1.0
265 verbose unbuild rmStuff domutils@1.5.1 from /Users/thornebrandt/Dropbox/learn/mern/node_modules
266 info lifecycle domutils@1.5.1~postuninstall: domutils@1.5.1
267 verbose unbuild rmStuff entities@1.1.1 from /Users/thornebrandt/Dropbox/learn/mern/node_modules
268 info lifecycle entities@1.1.1~postuninstall: entities@1.1.1
269 verbose unbuild rmStuff fetch@1.1.0 from /Users/thornebrandt/Dropbox/learn/mern/node_modules
270 info lifecycle fetch@1.1.0~postuninstall: fetch@1.1.0
271 verbose unbuild rmStuff fetch-polyfill@0.8.2 from /Users/thornebrandt/Dropbox/learn/mern/node_modules
272 info lifecycle fetch-polyfill@0.8.2~postuninstall: fetch-polyfill@0.8.2
273 verbose unbuild rmStuff graceful-readlink@1.0.1 from /Users/thornebrandt/Dropbox/learn/mern/node_modules
274 info lifecycle graceful-readlink@1.0.1~postuninstall: graceful-readlink@1.0.1
275 verbose unbuild rmStuff header-case@1.0.0 from /Users/thornebrandt/Dropbox/learn/mern/node_modules
276 info lifecycle header-case@1.0.0~postuninstall: header-case@1.0.0
277 verbose unbuild rmStuff html-webpack-plugin@2.24.0 from /Users/thornebrandt/Dropbox/learn/mern/node_modules
278 info lifecycle html-webpack-plugin@2.24.0~postuninstall: html-webpack-plugin@2.24.0
279 verbose unbuild rmStuff is-lower-case@1.1.3 from /Users/thornebrandt/Dropbox/learn/mern/node_modules
280 info lifecycle is-lower-case@1.1.3~postuninstall: is-lower-case@1.1.3
281 verbose unbuild rmStuff is-upper-case@1.1.2 from /Users/thornebrandt/Dropbox/learn/mern/node_modules
282 info lifecycle is-upper-case@1.1.2~postuninstall: is-upper-case@1.1.2
283 verbose unbuild rmStuff lower-case@1.1.3 from /Users/thornebrandt/Dropbox/learn/mern/node_modules
284 info lifecycle lower-case@1.1.3~postuninstall: lower-case@1.1.3
285 verbose unbuild rmStuff lower-case-first@1.0.2 from /Users/thornebrandt/Dropbox/learn/mern/node_modules
286 info lifecycle lower-case-first@1.0.2~postuninstall: lower-case-first@1.0.2
287 verbose unbuild rmStuff ncname@1.0.0 from /Users/thornebrandt/Dropbox/learn/mern/node_modules
288 info lifecycle ncname@1.0.0~postuninstall: ncname@1.0.0
289 verbose unbuild rmStuff no-case@2.3.0 from /Users/thornebrandt/Dropbox/learn/mern/node_modules
290 info lifecycle no-case@2.3.0~postuninstall: no-case@2.3.0
291 verbose unbuild rmStuff nth-check@1.0.1 from /Users/thornebrandt/Dropbox/learn/mern/node_modules
292 info lifecycle nth-check@1.0.1~postuninstall: nth-check@1.0.1
293 verbose unbuild rmStuff param-case@2.1.0 from /Users/thornebrandt/Dropbox/learn/mern/node_modules
294 info lifecycle param-case@2.1.0~postuninstall: param-case@2.1.0
295 verbose unbuild rmStuff pascal-case@2.0.0 from /Users/thornebrandt/Dropbox/learn/mern/node_modules
296 info lifecycle pascal-case@2.0.0~postuninstall: pascal-case@2.0.0
297 verbose unbuild rmStuff path-case@2.1.0 from /Users/thornebrandt/Dropbox/learn/mern/node_modules
298 info lifecycle path-case@2.1.0~postuninstall: path-case@2.1.0
299 verbose unbuild rmStuff psl@1.1.14 from /Users/thornebrandt/Dropbox/learn/mern/node_modules
300 info lifecycle psl@1.1.14~postuninstall: psl@1.1.14
301 verbose unbuild rmStuff pretty-error@2.0.2 from /Users/thornebrandt/Dropbox/learn/mern/node_modules
302 info lifecycle pretty-error@2.0.2~postuninstall: pretty-error@2.0.2
303 verbose unbuild rmStuff relateurl@0.2.7 from /Users/thornebrandt/Dropbox/learn/mern/node_modules
304 info lifecycle relateurl@0.2.7~postuninstall: relateurl@0.2.7
305 verbose unbuild rmStuff sentence-case@2.1.0 from /Users/thornebrandt/Dropbox/learn/mern/node_modules
306 info lifecycle sentence-case@2.1.0~postuninstall: sentence-case@2.1.0
307 verbose unbuild rmStuff snake-case@2.1.0 from /Users/thornebrandt/Dropbox/learn/mern/node_modules
308 info lifecycle snake-case@2.1.0~postuninstall: snake-case@2.1.0
309 verbose unbuild rmStuff title-case@2.1.0 from /Users/thornebrandt/Dropbox/learn/mern/node_modules
310 info lifecycle title-case@2.1.0~postuninstall: title-case@2.1.0
311 verbose unbuild rmStuff swap-case@1.1.2 from /Users/thornebrandt/Dropbox/learn/mern/node_modules
312 info lifecycle swap-case@1.1.2~postuninstall: swap-case@1.1.2
313 verbose unbuild rmStuff toposort@1.0.0 from /Users/thornebrandt/Dropbox/learn/mern/node_modules
314 info lifecycle toposort@1.0.0~postuninstall: toposort@1.0.0
315 verbose unbuild rmStuff upper-case@1.1.3 from /Users/thornebrandt/Dropbox/learn/mern/node_modules
316 info lifecycle upper-case@1.1.3~postuninstall: upper-case@1.1.3
317 verbose unbuild rmStuff upper-case-first@1.1.2 from /Users/thornebrandt/Dropbox/learn/mern/node_modules
318 info lifecycle upper-case-first@1.1.2~postuninstall: upper-case-first@1.1.2
319 verbose unbuild rmStuff xml-char-classes@1.0.0 from /Users/thornebrandt/Dropbox/learn/mern/node_modules
320 info lifecycle xml-char-classes@1.0.0~postuninstall: xml-char-classes@1.0.0
321 verbose unbuild rmStuff utila@0.4.0 from /Users/thornebrandt/Dropbox/learn/mern/node_modules
322 info lifecycle utila@0.4.0~postuninstall: utila@0.4.0
323 silly lifecycle he@1.1.0~uninstall: no script for uninstall, continuing
324 silly lifecycle html-minifier@3.1.0~uninstall: no script for uninstall, continuing
325 verbose unbuild rmStuff dom-converter@0.1.4 from /Users/thornebrandt/Dropbox/learn/mern/node_modules
326 info lifecycle dom-converter@0.1.4~postuninstall: dom-converter@0.1.4
327 verbose unbuild rmStuff dom-serializer@0.1.0 from /Users/thornebrandt/Dropbox/learn/mern/node_modules
328 info lifecycle dom-serializer@0.1.0~postuninstall: dom-serializer@0.1.0
329 verbose unbuild rmStuff htmlparser2@3.3.0 from /Users/thornebrandt/Dropbox/learn/mern/node_modules
330 info lifecycle htmlparser2@3.3.0~postuninstall: htmlparser2@3.3.0
331 verbose unbuild rmStuff renderkid@2.0.0 from /Users/thornebrandt/Dropbox/learn/mern/node_modules
332 info lifecycle renderkid@2.0.0~postuninstall: renderkid@2.0.0
333 silly lifecycle clean-css@3.4.20~uninstall: no script for uninstall, continuing
334 silly lifecycle biskviit@1.0.1~postuninstall: no script for postuninstall, continuing
335 silly lifecycle boolbase@1.0.0~postuninstall: no script for postuninstall, continuing
336 silly lifecycle bluebird@3.4.6~postuninstall: no script for postuninstall, continuing
337 silly lifecycle change-case@3.0.0~postuninstall: no script for postuninstall, continuing
338 silly lifecycle camel-case@3.0.0~postuninstall: no script for postuninstall, continuing
339 silly lifecycle commander@2.9.0~postuninstall: no script for postuninstall, continuing
340 silly lifecycle constant-case@2.0.0~postuninstall: no script for postuninstall, continuing
341 silly lifecycle css-select@1.2.0~postuninstall: no script for postuninstall, continuing
342 silly lifecycle css-what@2.1.0~postuninstall: no script for postuninstall, continuing
343 silly lifecycle domelementtype@1.3.0~postuninstall: no script for postuninstall, continuing
344 silly lifecycle domhandler@2.1.0~postuninstall: no script for postuninstall, continuing
345 silly lifecycle dot-case@2.1.0~postuninstall: no script for postuninstall, continuing
346 silly lifecycle domutils@1.5.1~postuninstall: no script for postuninstall, continuing
347 silly lifecycle entities@1.1.1~postuninstall: no script for postuninstall, continuing
348 silly lifecycle fetch@1.1.0~postuninstall: no script for postuninstall, continuing
349 silly lifecycle fetch-polyfill@0.8.2~postuninstall: no script for postuninstall, continuing
350 silly lifecycle graceful-readlink@1.0.1~postuninstall: no script for postuninstall, continuing
351 silly lifecycle header-case@1.0.0~postuninstall: no script for postuninstall, continuing
352 silly lifecycle html-webpack-plugin@2.24.0~postuninstall: no script for postuninstall, continuing
353 silly lifecycle is-lower-case@1.1.3~postuninstall: no script for postuninstall, continuing
354 silly lifecycle is-upper-case@1.1.2~postuninstall: no script for postuninstall, continuing
355 silly lifecycle lower-case@1.1.3~postuninstall: no script for postuninstall, continuing
356 silly lifecycle lower-case-first@1.0.2~postuninstall: no script for postuninstall, continuing
357 silly lifecycle ncname@1.0.0~postuninstall: no script for postuninstall, continuing
358 silly lifecycle no-case@2.3.0~postuninstall: no script for postuninstall, continuing
359 silly lifecycle nth-check@1.0.1~postuninstall: no script for postuninstall, continuing
360 silly lifecycle param-case@2.1.0~postuninstall: no script for postuninstall, continuing
361 silly lifecycle pascal-case@2.0.0~postuninstall: no script for postuninstall, continuing
362 silly lifecycle path-case@2.1.0~postuninstall: no script for postuninstall, continuing
363 silly lifecycle psl@1.1.14~postuninstall: no script for postuninstall, continuing
364 silly lifecycle pretty-error@2.0.2~postuninstall: no script for postuninstall, continuing
365 silly lifecycle relateurl@0.2.7~postuninstall: no script for postuninstall, continuing
366 silly lifecycle sentence-case@2.1.0~postuninstall: no script for postuninstall, continuing
367 silly lifecycle snake-case@2.1.0~postuninstall: no script for postuninstall, continuing
368 silly lifecycle title-case@2.1.0~postuninstall: no script for postuninstall, continuing
369 silly lifecycle swap-case@1.1.2~postuninstall: no script for postuninstall, continuing
370 silly lifecycle toposort@1.0.0~postuninstall: no script for postuninstall, continuing
371 silly lifecycle upper-case@1.1.3~postuninstall: no script for postuninstall, continuing
372 silly lifecycle upper-case-first@1.1.2~postuninstall: no script for postuninstall, continuing
373 silly lifecycle xml-char-classes@1.0.0~postuninstall: no script for postuninstall, continuing
374 silly lifecycle utila@0.4.0~postuninstall: no script for postuninstall, continuing
375 verbose unbuild rmStuff he@1.1.0 from /Users/thornebrandt/Dropbox/learn/mern/node_modules
376 silly gentlyRm /Users/thornebrandt/Dropbox/learn/mern/node_modules/.bin/he is being gently removed from base /Users/thornebrandt/Dropbox/learn/mern/node_modules/he
377 verbose unbuild rmStuff html-minifier@3.1.0 from /Users/thornebrandt/Dropbox/learn/mern/node_modules
378 silly gentlyRm /Users/thornebrandt/Dropbox/learn/mern/node_modules/.bin/html-minifier is being gently removed from base /Users/thornebrandt/Dropbox/learn/mern/node_modules/html-minifier
379 silly lifecycle dom-converter@0.1.4~postuninstall: no script for postuninstall, continuing
380 silly lifecycle dom-serializer@0.1.0~postuninstall: no script for postuninstall, continuing
381 silly lifecycle htmlparser2@3.3.0~postuninstall: no script for postuninstall, continuing
382 silly lifecycle renderkid@2.0.0~postuninstall: no script for postuninstall, continuing
383 verbose unbuild rmStuff clean-css@3.4.20 from /Users/thornebrandt/Dropbox/learn/mern/node_modules
384 silly gentlyRm /Users/thornebrandt/Dropbox/learn/mern/node_modules/.bin/cleancss is being gently removed from base /Users/thornebrandt/Dropbox/learn/mern/node_modules/clean-css
385 silly gentlyRm /Users/thornebrandt/Dropbox/learn/mern/node_modules/biskviit is being purged from base /Users/thornebrandt/Dropbox/learn/mern
386 verbose gentlyRm don't care about contents; nuking /Users/thornebrandt/Dropbox/learn/mern/node_modules/biskviit
387 silly gentlyRm /Users/thornebrandt/Dropbox/learn/mern/node_modules/boolbase is being purged from base /Users/thornebrandt/Dropbox/learn/mern
388 verbose gentlyRm don't care about contents; nuking /Users/thornebrandt/Dropbox/learn/mern/node_modules/boolbase
389 silly gentlyRm /Users/thornebrandt/Dropbox/learn/mern/node_modules/bluebird is being purged from base /Users/thornebrandt/Dropbox/learn/mern
390 verbose gentlyRm don't care about contents; nuking /Users/thornebrandt/Dropbox/learn/mern/node_modules/bluebird
391 silly gentlyRm /Users/thornebrandt/Dropbox/learn/mern/node_modules/change-case is being purged from base /Users/thornebrandt/Dropbox/learn/mern
392 verbose gentlyRm don't care about contents; nuking /Users/thornebrandt/Dropbox/learn/mern/node_modules/change-case
393 silly gentlyRm /Users/thornebrandt/Dropbox/learn/mern/node_modules/camel-case is being purged from base /Users/thornebrandt/Dropbox/learn/mern
394 verbose gentlyRm don't care about contents; nuking /Users/thornebrandt/Dropbox/learn/mern/node_modules/camel-case
395 silly gentlyRm /Users/thornebrandt/Dropbox/learn/mern/node_modules/commander is being purged from base /Users/thornebrandt/Dropbox/learn/mern
396 verbose gentlyRm don't care about contents; nuking /Users/thornebrandt/Dropbox/learn/mern/node_modules/commander
397 silly gentlyRm /Users/thornebrandt/Dropbox/learn/mern/node_modules/constant-case is being purged from base /Users/thornebrandt/Dropbox/learn/mern
398 verbose gentlyRm don't care about contents; nuking /Users/thornebrandt/Dropbox/learn/mern/node_modules/constant-case
399 silly gentlyRm /Users/thornebrandt/Dropbox/learn/mern/node_modules/css-select is being purged from base /Users/thornebrandt/Dropbox/learn/mern
400 verbose gentlyRm don't care about contents; nuking /Users/thornebrandt/Dropbox/learn/mern/node_modules/css-select
401 silly gentlyRm /Users/thornebrandt/Dropbox/learn/mern/node_modules/css-what is being purged from base /Users/thornebrandt/Dropbox/learn/mern
402 verbose gentlyRm don't care about contents; nuking /Users/thornebrandt/Dropbox/learn/mern/node_modules/css-what
403 silly gentlyRm /Users/thornebrandt/Dropbox/learn/mern/node_modules/domelementtype is being purged from base /Users/thornebrandt/Dropbox/learn/mern
404 verbose gentlyRm don't care about contents; nuking /Users/thornebrandt/Dropbox/learn/mern/node_modules/domelementtype
405 silly gentlyRm /Users/thornebrandt/Dropbox/learn/mern/node_modules/domhandler is being purged from base /Users/thornebrandt/Dropbox/learn/mern
406 verbose gentlyRm don't care about contents; nuking /Users/thornebrandt/Dropbox/learn/mern/node_modules/domhandler
407 silly gentlyRm /Users/thornebrandt/Dropbox/learn/mern/node_modules/dot-case is being purged from base /Users/thornebrandt/Dropbox/learn/mern
408 verbose gentlyRm don't care about contents; nuking /Users/thornebrandt/Dropbox/learn/mern/node_modules/dot-case
409 silly gentlyRm /Users/thornebrandt/Dropbox/learn/mern/node_modules/domutils is being purged from base /Users/thornebrandt/Dropbox/learn/mern
410 verbose gentlyRm don't care about contents; nuking /Users/thornebrandt/Dropbox/learn/mern/node_modules/domutils
411 silly gentlyRm /Users/thornebrandt/Dropbox/learn/mern/node_modules/entities is being purged from base /Users/thornebrandt/Dropbox/learn/mern
412 verbose gentlyRm don't care about contents; nuking /Users/thornebrandt/Dropbox/learn/mern/node_modules/entities
413 silly gentlyRm /Users/thornebrandt/Dropbox/learn/mern/node_modules/fetch is being purged from base /Users/thornebrandt/Dropbox/learn/mern
414 verbose gentlyRm don't care about contents; nuking /Users/thornebrandt/Dropbox/learn/mern/node_modules/fetch
415 silly gentlyRm /Users/thornebrandt/Dropbox/learn/mern/node_modules/fetch-polyfill is being purged from base /Users/thornebrandt/Dropbox/learn/mern
416 verbose gentlyRm don't care about contents; nuking /Users/thornebrandt/Dropbox/learn/mern/node_modules/fetch-polyfill
417 silly gentlyRm /Users/thornebrandt/Dropbox/learn/mern/node_modules/graceful-readlink is being purged from base /Users/thornebrandt/Dropbox/learn/mern
418 verbose gentlyRm don't care about contents; nuking /Users/thornebrandt/Dropbox/learn/mern/node_modules/graceful-readlink
419 silly gentlyRm /Users/thornebrandt/Dropbox/learn/mern/node_modules/header-case is being purged from base /Users/thornebrandt/Dropbox/learn/mern
420 verbose gentlyRm don't care about contents; nuking /Users/thornebrandt/Dropbox/learn/mern/node_modules/header-case
421 silly gentlyRm /Users/thornebrandt/Dropbox/learn/mern/node_modules/html-webpack-plugin is being purged from base /Users/thornebrandt/Dropbox/learn/mern
422 verbose gentlyRm don't care about contents; nuking /Users/thornebrandt/Dropbox/learn/mern/node_modules/html-webpack-plugin
423 silly gentlyRm /Users/thornebrandt/Dropbox/learn/mern/node_modules/is-lower-case is being purged from base /Users/thornebrandt/Dropbox/learn/mern
424 verbose gentlyRm don't care about contents; nuking /Users/thornebrandt/Dropbox/learn/mern/node_modules/is-lower-case
425 silly gentlyRm /Users/thornebrandt/Dropbox/learn/mern/node_modules/is-upper-case is being purged from base /Users/thornebrandt/Dropbox/learn/mern
426 verbose gentlyRm don't care about contents; nuking /Users/thornebrandt/Dropbox/learn/mern/node_modules/is-upper-case
427 silly gentlyRm /Users/thornebrandt/Dropbox/learn/mern/node_modules/lower-case is being purged from base /Users/thornebrandt/Dropbox/learn/mern
428 verbose gentlyRm don't care about contents; nuking /Users/thornebrandt/Dropbox/learn/mern/node_modules/lower-case
429 silly gentlyRm /Users/thornebrandt/Dropbox/learn/mern/node_modules/lower-case-first is being purged from base /Users/thornebrandt/Dropbox/learn/mern
430 verbose gentlyRm don't care about contents; nuking /Users/thornebrandt/Dropbox/learn/mern/node_modules/lower-case-first
431 silly gentlyRm /Users/thornebrandt/Dropbox/learn/mern/node_modules/ncname is being purged from base /Users/thornebrandt/Dropbox/learn/mern
432 verbose gentlyRm don't care about contents; nuking /Users/thornebrandt/Dropbox/learn/mern/node_modules/ncname
433 silly gentlyRm /Users/thornebrandt/Dropbox/learn/mern/node_modules/no-case is being purged from base /Users/thornebrandt/Dropbox/learn/mern
434 verbose gentlyRm don't care about contents; nuking /Users/thornebrandt/Dropbox/learn/mern/node_modules/no-case
435 silly gentlyRm /Users/thornebrandt/Dropbox/learn/mern/node_modules/nth-check is being purged from base /Users/thornebrandt/Dropbox/learn/mern
436 verbose gentlyRm don't care about contents; nuking /Users/thornebrandt/Dropbox/learn/mern/node_modules/nth-check
437 silly gentlyRm /Users/thornebrandt/Dropbox/learn/mern/node_modules/param-case is being purged from base /Users/thornebrandt/Dropbox/learn/mern
438 verbose gentlyRm don't care about contents; nuking /Users/thornebrandt/Dropbox/learn/mern/node_modules/param-case
439 silly gentlyRm /Users/thornebrandt/Dropbox/learn/mern/node_modules/pascal-case is being purged from base /Users/thornebrandt/Dropbox/learn/mern
440 verbose gentlyRm don't care about contents; nuking /Users/thornebrandt/Dropbox/learn/mern/node_modules/pascal-case
441 silly gentlyRm /Users/thornebrandt/Dropbox/learn/mern/node_modules/path-case is being purged from base /Users/thornebrandt/Dropbox/learn/mern
442 verbose gentlyRm don't care about contents; nuking /Users/thornebrandt/Dropbox/learn/mern/node_modules/path-case
443 silly gentlyRm /Users/thornebrandt/Dropbox/learn/mern/node_modules/psl is being purged from base /Users/thornebrandt/Dropbox/learn/mern
444 verbose gentlyRm don't care about contents; nuking /Users/thornebrandt/Dropbox/learn/mern/node_modules/psl
445 silly gentlyRm /Users/thornebrandt/Dropbox/learn/mern/node_modules/pretty-error is being purged from base /Users/thornebrandt/Dropbox/learn/mern
446 verbose gentlyRm don't care about contents; nuking /Users/thornebrandt/Dropbox/learn/mern/node_modules/pretty-error
447 silly gentlyRm /Users/thornebrandt/Dropbox/learn/mern/node_modules/relateurl is being purged from base /Users/thornebrandt/Dropbox/learn/mern
448 verbose gentlyRm don't care about contents; nuking /Users/thornebrandt/Dropbox/learn/mern/node_modules/relateurl
449 silly gentlyRm /Users/thornebrandt/Dropbox/learn/mern/node_modules/sentence-case is being purged from base /Users/thornebrandt/Dropbox/learn/mern
450 verbose gentlyRm don't care about contents; nuking /Users/thornebrandt/Dropbox/learn/mern/node_modules/sentence-case
451 silly gentlyRm /Users/thornebrandt/Dropbox/learn/mern/node_modules/snake-case is being purged from base /Users/thornebrandt/Dropbox/learn/mern
452 verbose gentlyRm don't care about contents; nuking /Users/thornebrandt/Dropbox/learn/mern/node_modules/snake-case
453 silly gentlyRm /Users/thornebrandt/Dropbox/learn/mern/node_modules/title-case is being purged from base /Users/thornebrandt/Dropbox/learn/mern
454 verbose gentlyRm don't care about contents; nuking /Users/thornebrandt/Dropbox/learn/mern/node_modules/title-case
455 silly gentlyRm /Users/thornebrandt/Dropbox/learn/mern/node_modules/swap-case is being purged from base /Users/thornebrandt/Dropbox/learn/mern
456 verbose gentlyRm don't care about contents; nuking /Users/thornebrandt/Dropbox/learn/mern/node_modules/swap-case
457 silly gentlyRm /Users/thornebrandt/Dropbox/learn/mern/node_modules/toposort is being purged from base /Users/thornebrandt/Dropbox/learn/mern
458 verbose gentlyRm don't care about contents; nuking /Users/thornebrandt/Dropbox/learn/mern/node_modules/toposort
459 silly gentlyRm /Users/thornebrandt/Dropbox/learn/mern/node_modules/upper-case is being purged from base /Users/thornebrandt/Dropbox/learn/mern
460 verbose gentlyRm don't care about contents; nuking /Users/thornebrandt/Dropbox/learn/mern/node_modules/upper-case
461 silly gentlyRm /Users/thornebrandt/Dropbox/learn/mern/node_modules/upper-case-first is being purged from base /Users/thornebrandt/Dropbox/learn/mern
462 verbose gentlyRm don't care about contents; nuking /Users/thornebrandt/Dropbox/learn/mern/node_modules/upper-case-first
463 silly gentlyRm /Users/thornebrandt/Dropbox/learn/mern/node_modules/xml-char-classes is being purged from base /Users/thornebrandt/Dropbox/learn/mern
464 verbose gentlyRm don't care about contents; nuking /Users/thornebrandt/Dropbox/learn/mern/node_modules/xml-char-classes
465 silly gentlyRm /Users/thornebrandt/Dropbox/learn/mern/node_modules/utila is being purged from base /Users/thornebrandt/Dropbox/learn/mern
466 verbose gentlyRm don't care about contents; nuking /Users/thornebrandt/Dropbox/learn/mern/node_modules/utila
467 silly gentlyRm /Users/thornebrandt/Dropbox/learn/mern/node_modules/dom-converter is being purged from base /Users/thornebrandt/Dropbox/learn/mern
468 verbose gentlyRm don't care about contents; nuking /Users/thornebrandt/Dropbox/learn/mern/node_modules/dom-converter
469 silly gentlyRm /Users/thornebrandt/Dropbox/learn/mern/node_modules/dom-serializer is being purged from base /Users/thornebrandt/Dropbox/learn/mern
470 verbose gentlyRm don't care about contents; nuking /Users/thornebrandt/Dropbox/learn/mern/node_modules/dom-serializer
471 silly gentlyRm /Users/thornebrandt/Dropbox/learn/mern/node_modules/htmlparser2 is being purged from base /Users/thornebrandt/Dropbox/learn/mern
472 verbose gentlyRm don't care about contents; nuking /Users/thornebrandt/Dropbox/learn/mern/node_modules/htmlparser2
473 silly gentlyRm /Users/thornebrandt/Dropbox/learn/mern/node_modules/renderkid is being purged from base /Users/thornebrandt/Dropbox/learn/mern
474 verbose gentlyRm don't care about contents; nuking /Users/thornebrandt/Dropbox/learn/mern/node_modules/renderkid
475 silly vacuum-fs purging /Users/thornebrandt/Dropbox/learn/mern/node_modules/biskviit
476 silly vacuum-fs purging /Users/thornebrandt/Dropbox/learn/mern/node_modules/boolbase
477 silly vacuum-fs purging /Users/thornebrandt/Dropbox/learn/mern/node_modules/bluebird
478 silly vacuum-fs purging /Users/thornebrandt/Dropbox/learn/mern/node_modules/change-case
479 silly vacuum-fs purging /Users/thornebrandt/Dropbox/learn/mern/node_modules/camel-case
480 silly vacuum-fs purging /Users/thornebrandt/Dropbox/learn/mern/node_modules/commander
481 silly vacuum-fs purging /Users/thornebrandt/Dropbox/learn/mern/node_modules/constant-case
482 silly vacuum-fs purging /Users/thornebrandt/Dropbox/learn/mern/node_modules/css-select
483 silly vacuum-fs purging /Users/thornebrandt/Dropbox/learn/mern/node_modules/css-what
484 silly vacuum-fs purging /Users/thornebrandt/Dropbox/learn/mern/node_modules/domelementtype
485 silly vacuum-fs purging /Users/thornebrandt/Dropbox/learn/mern/node_modules/domhandler
486 silly vacuum-fs purging /Users/thornebrandt/Dropbox/learn/mern/node_modules/dot-case
487 silly vacuum-fs purging /Users/thornebrandt/Dropbox/learn/mern/node_modules/domutils
488 silly vacuum-fs purging /Users/thornebrandt/Dropbox/learn/mern/node_modules/entities
489 silly vacuum-fs purging /Users/thornebrandt/Dropbox/learn/mern/node_modules/fetch
490 silly vacuum-fs purging /Users/thornebrandt/Dropbox/learn/mern/node_modules/fetch-polyfill
491 silly vacuum-fs purging /Users/thornebrandt/Dropbox/learn/mern/node_modules/graceful-readlink
492 silly vacuum-fs purging /Users/thornebrandt/Dropbox/learn/mern/node_modules/header-case
493 silly vacuum-fs purging /Users/thornebrandt/Dropbox/learn/mern/node_modules/html-webpack-plugin
494 silly vacuum-fs purging /Users/thornebrandt/Dropbox/learn/mern/node_modules/is-lower-case
495 silly vacuum-fs purging /Users/thornebrandt/Dropbox/learn/mern/node_modules/is-upper-case
496 silly vacuum-fs purging /Users/thornebrandt/Dropbox/learn/mern/node_modules/lower-case
497 silly vacuum-fs purging /Users/thornebrandt/Dropbox/learn/mern/node_modules/lower-case-first
498 silly vacuum-fs purging /Users/thornebrandt/Dropbox/learn/mern/node_modules/ncname
499 silly vacuum-fs purging /Users/thornebrandt/Dropbox/learn/mern/node_modules/no-case
500 silly vacuum-fs purging /Users/thornebrandt/Dropbox/learn/mern/node_modules/nth-check
501 silly vacuum-fs purging /Users/thornebrandt/Dropbox/learn/mern/node_modules/param-case
502 silly vacuum-fs purging /Users/thornebrandt/Dropbox/learn/mern/node_modules/pascal-case
503 silly vacuum-fs purging /Users/thornebrandt/Dropbox/learn/mern/node_modules/path-case
504 silly vacuum-fs purging /Users/thornebrandt/Dropbox/learn/mern/node_modules/psl
505 silly vacuum-fs purging /Users/thornebrandt/Dropbox/learn/mern/node_modules/pretty-error
506 silly vacuum-fs purging /Users/thornebrandt/Dropbox/learn/mern/node_modules/relateurl
507 silly vacuum-fs purging /Users/thornebrandt/Dropbox/learn/mern/node_modules/sentence-case
508 silly vacuum-fs purging /Users/thornebrandt/Dropbox/learn/mern/node_modules/snake-case
509 silly vacuum-fs purging /Users/thornebrandt/Dropbox/learn/mern/node_modules/title-case
510 silly vacuum-fs purging /Users/thornebrandt/Dropbox/learn/mern/node_modules/swap-case
511 silly vacuum-fs purging /Users/thornebrandt/Dropbox/learn/mern/node_modules/toposort
512 silly vacuum-fs purging /Users/thornebrandt/Dropbox/learn/mern/node_modules/upper-case
513 silly vacuum-fs purging /Users/thornebrandt/Dropbox/learn/mern/node_modules/upper-case-first
514 silly vacuum-fs purging /Users/thornebrandt/Dropbox/learn/mern/node_modules/xml-char-classes
515 silly vacuum-fs purging /Users/thornebrandt/Dropbox/learn/mern/node_modules/utila
516 silly vacuum-fs purging /Users/thornebrandt/Dropbox/learn/mern/node_modules/dom-converter
517 silly vacuum-fs purging /Users/thornebrandt/Dropbox/learn/mern/node_modules/dom-serializer
518 silly vacuum-fs purging /Users/thornebrandt/Dropbox/learn/mern/node_modules/htmlparser2
519 silly vacuum-fs purging /Users/thornebrandt/Dropbox/learn/mern/node_modules/renderkid
520 silly vacuum-fs quitting because other entries in /Users/thornebrandt/Dropbox/learn/mern/node_modules
521 silly vacuum-fs quitting because other entries in /Users/thornebrandt/Dropbox/learn/mern/node_modules
522 silly vacuum-fs quitting because other entries in /Users/thornebrandt/Dropbox/learn/mern/node_modules
523 silly vacuum-fs quitting because other entries in /Users/thornebrandt/Dropbox/learn/mern/node_modules
524 silly vacuum-fs quitting because other entries in /Users/thornebrandt/Dropbox/learn/mern/node_modules
525 silly vacuum-fs quitting because other entries in /Users/thornebrandt/Dropbox/learn/mern/node_modules
526 silly vacuum-fs quitting because other entries in /Users/thornebrandt/Dropbox/learn/mern/node_modules
527 silly vacuum-fs quitting because other entries in /Users/thornebrandt/Dropbox/learn/mern/node_modules
528 silly vacuum-fs quitting because other entries in /Users/thornebrandt/Dropbox/learn/mern/node_modules
529 silly vacuum-fs quitting because other entries in /Users/thornebrandt/Dropbox/learn/mern/node_modules
530 silly vacuum-fs quitting because other entries in /Users/thornebrandt/Dropbox/learn/mern/node_modules
531 silly vacuum-fs quitting because other entries in /Users/thornebrandt/Dropbox/learn/mern/node_modules
532 silly vacuum-fs quitting because other entries in /Users/thornebrandt/Dropbox/learn/mern/node_modules
533 silly vacuum-fs quitting because other entries in /Users/thornebrandt/Dropbox/learn/mern/node_modules
534 silly vacuum-fs quitting because other entries in /Users/thornebrandt/Dropbox/learn/mern/node_modules
535 silly vacuum-fs quitting because other entries in /Users/thornebrandt/Dropbox/learn/mern/node_modules
536 silly vacuum-fs quitting because other entries in /Users/thornebrandt/Dropbox/learn/mern/node_modules
537 silly vacuum-fs quitting because other entries in /Users/thornebrandt/Dropbox/learn/mern/node_modules
538 silly vacuum-fs quitting because other entries in /Users/thornebrandt/Dropbox/learn/mern/node_modules
539 silly vacuum-fs quitting because other entries in /Users/thornebrandt/Dropbox/learn/mern/node_modules
540 silly vacuum-fs quitting because other entries in /Users/thornebrandt/Dropbox/learn/mern/node_modules
541 silly vacuum-fs quitting because other entries in /Users/thornebrandt/Dropbox/learn/mern/node_modules
542 silly vacuum-fs quitting because other entries in /Users/thornebrandt/Dropbox/learn/mern/node_modules
543 silly vacuum-fs quitting because other entries in /Users/thornebrandt/Dropbox/learn/mern/node_modules
544 silly vacuum-fs quitting because other entries in /Users/thornebrandt/Dropbox/learn/mern/node_modules
545 silly vacuum-fs quitting because other entries in /Users/thornebrandt/Dropbox/learn/mern/node_modules
546 silly vacuum-fs quitting because other entries in /Users/thornebrandt/Dropbox/learn/mern/node_modules
547 silly vacuum-fs quitting because other entries in /Users/thornebrandt/Dropbox/learn/mern/node_modules
548 silly vacuum-fs quitting because other entries in /Users/thornebrandt/Dropbox/learn/mern/node_modules
549 silly vacuum-fs quitting because other entries in /Users/thornebrandt/Dropbox/learn/mern/node_modules
550 silly vacuum-fs quitting because other entries in /Users/thornebrandt/Dropbox/learn/mern/node_modules
551 silly vacuum-fs quitting because other entries in /Users/thornebrandt/Dropbox/learn/mern/node_modules
552 silly vacuum-fs quitting because other entries in /Users/thornebrandt/Dropbox/learn/mern/node_modules
553 silly vacuum-fs quitting because other entries in /Users/thornebrandt/Dropbox/learn/mern/node_modules
554 silly vacuum-fs quitting because other entries in /Users/thornebrandt/Dropbox/learn/mern/node_modules
555 silly vacuum-fs quitting because other entries in /Users/thornebrandt/Dropbox/learn/mern/node_modules
556 silly vacuum-fs quitting because other entries in /Users/thornebrandt/Dropbox/learn/mern/node_modules
557 silly vacuum-fs quitting because other entries in /Users/thornebrandt/Dropbox/learn/mern/node_modules
558 silly vacuum-fs quitting because other entries in /Users/thornebrandt/Dropbox/learn/mern/node_modules
559 silly vacuum-fs quitting because other entries in /Users/thornebrandt/Dropbox/learn/mern/node_modules
560 silly vacuum-fs quitting because other entries in /Users/thornebrandt/Dropbox/learn/mern/node_modules
561 silly vacuum-fs quitting because other entries in /Users/thornebrandt/Dropbox/learn/mern/node_modules
562 silly isEverInside /Users/thornebrandt/Dropbox/learn/mern/node_modules/.bin/he is not inside /Users/thornebrandt/Dropbox/learn/mern/node_modules/he
563 silly gentlyRm parent.path = /Users/thornebrandt/Dropbox/learn/mern/node_modules/he
564 silly gentlyRm parent.managed = /Users/thornebrandt/Dropbox/learn/mern/node_modules/he is in /Users/thornebrandt/Dropbox/learn/mern
565 silly gentlyRm target.path =  /Users/thornebrandt/Dropbox/learn/mern/node_modules/.bin/he
566 silly gentlyRm target.symlink = ../he/bin/he
567 silly gentlyRm target.managed = /Users/thornebrandt/Dropbox/learn/mern/node_modules/.bin/he is in /Users/thornebrandt/Dropbox/learn/mern
568 silly gentlyRm target.inParent =  { target: '/Users/thornebrandt/Dropbox/learn/mern/node_modules/he/bin/he',
568 silly gentlyRm   path: '/Users/thornebrandt/Dropbox/learn/mern/node_modules/he' }
569 verbose gentlyRm Vacuuming /Users/thornebrandt/Dropbox/learn/mern/node_modules/.bin/he up to /Users/thornebrandt/Dropbox/learn/mern/node_modules/.bin
570 silly vacuum-fs removing /Users/thornebrandt/Dropbox/learn/mern/node_modules/.bin/he
571 silly isEverInside /Users/thornebrandt/Dropbox/learn/mern/node_modules/.bin/html-minifier is not inside /Users/thornebrandt/Dropbox/learn/mern/node_modules/html-minifier
572 silly gentlyRm parent.path = /Users/thornebrandt/Dropbox/learn/mern/node_modules/html-minifier
573 silly gentlyRm parent.managed = /Users/thornebrandt/Dropbox/learn/mern/node_modules/html-minifier is in /Users/thornebrandt/Dropbox/learn/mern
574 silly gentlyRm target.path =  /Users/thornebrandt/Dropbox/learn/mern/node_modules/.bin/html-minifier
575 silly gentlyRm target.symlink = null
576 silly gentlyRm target.managed = /Users/thornebrandt/Dropbox/learn/mern/node_modules/.bin/html-minifier is in /Users/thornebrandt/Dropbox/learn/mern
577 silly gentlyRm target.inParent =  false
578 silly isEverInside /Users/thornebrandt/Dropbox/learn/mern/node_modules/.bin/cleancss is not inside /Users/thornebrandt/Dropbox/learn/mern/node_modules/clean-css
579 silly gentlyRm parent.path = /Users/thornebrandt/Dropbox/learn/mern/node_modules/clean-css
580 silly gentlyRm parent.managed = /Users/thornebrandt/Dropbox/learn/mern/node_modules/clean-css is in /Users/thornebrandt/Dropbox/learn/mern
581 silly gentlyRm target.path =  /Users/thornebrandt/Dropbox/learn/mern/node_modules/.bin/cleancss
582 silly gentlyRm target.symlink = null
583 silly gentlyRm target.managed = /Users/thornebrandt/Dropbox/learn/mern/node_modules/.bin/cleancss is in /Users/thornebrandt/Dropbox/learn/mern
584 silly gentlyRm target.inParent =  false
585 silly vacuum-fs finished vacuuming up to /Users/thornebrandt/Dropbox/learn/mern/node_modules/.bin
586 info lifecycle he@1.1.0~postuninstall: he@1.1.0
587 silly lifecycle he@1.1.0~postuninstall: no script for postuninstall, continuing
588 silly gentlyRm /Users/thornebrandt/Dropbox/learn/mern/node_modules/he is being purged from base /Users/thornebrandt/Dropbox/learn/mern
589 verbose gentlyRm don't care about contents; nuking /Users/thornebrandt/Dropbox/learn/mern/node_modules/he
590 silly vacuum-fs purging /Users/thornebrandt/Dropbox/learn/mern/node_modules/he
591 silly vacuum-fs quitting because other entries in /Users/thornebrandt/Dropbox/learn/mern/node_modules
592 silly vacuum-fs quitting because other entries in /Users/thornebrandt/Dropbox/learn/mern/node_modules
593 silly vacuum-fs quitting because other entries in /Users/thornebrandt/Dropbox/learn/mern/node_modules
594 silly vacuum-fs quitting because other entries in /Users/thornebrandt/Dropbox/learn/mern/node_modules
595 verbose stack Error: Refusing to delete /Users/thornebrandt/Dropbox/learn/mern/node_modules/.bin/html-minifier: is outside /Users/thornebrandt/Dropbox/learn/mern/node_modules/html-minifier and not a link
595 verbose stack     at clobberFail (/usr/local/lib/node_modules/npm/lib/utils/gently-rm.js:162:12)
595 verbose stack     at isSafeToRm (/usr/local/lib/node_modules/npm/lib/utils/gently-rm.js:155:15)
595 verbose stack     at /usr/local/lib/node_modules/npm/lib/utils/gently-rm.js:93:5
595 verbose stack     at LOOP (/usr/local/lib/node_modules/npm/node_modules/slide/lib/chain.js:7:26)
595 verbose stack     at /usr/local/lib/node_modules/npm/node_modules/slide/lib/chain.js:18:7
595 verbose stack     at /usr/local/lib/node_modules/npm/lib/utils/gently-rm.js:221:7
595 verbose stack     at /usr/local/lib/node_modules/npm/node_modules/iferr/index.js:13:50
595 verbose stack     at _readAllLinks (/usr/local/lib/node_modules/npm/lib/utils/gently-rm.js:256:28)
595 verbose stack     at /usr/local/lib/node_modules/npm/node_modules/iferr/index.js:13:50
595 verbose stack     at resolveSymlink (/usr/local/lib/node_modules/npm/lib/utils/gently-rm.js:267:22)
596 verbose cwd /Users/thornebrandt/Dropbox/learn/mern
597 error Darwin 15.6.0
598 error argv "/usr/local/bin/node" "/usr/local/bin/npm" "prune"
599 error node v6.3.1
600 error npm  v3.10.3
601 error path /Users/thornebrandt/Dropbox/learn/mern/node_modules/.bin/html-minifier
602 error code EEXIST
603 error Refusing to delete /Users/thornebrandt/Dropbox/learn/mern/node_modules/.bin/html-minifier: is outside /Users/thornebrandt/Dropbox/learn/mern/node_modules/html-minifier and not a link
604 error File exists: /Users/thornebrandt/Dropbox/learn/mern/node_modules/.bin/html-minifier
605 error Move it away, and try again.
606 verbose exit [ 1, true ]
